{"/Dev/Nityanushtaana/NityaPooja/App.js": {"path":"/Dev/Nityanushtaana/NityaPooja/App.js","statementMap":{"0":{"start":{"line":14,"column":4},"end":{"line":16,"column":6}}},"fnMap":{"0":{"name":"(anonymous_0)","decl":{"start":{"line":13,"column":2},"end":{"line":13,"column":3}},"loc":{"start":{"line":13,"column":11},"end":{"line":17,"column":3}},"line":13}},"branchMap":{},"s":{"0":1},"f":{"0":1},"b":{},"_coverageSchema":"332fd63041d2c1bcb487cc26dd0d5f7d97098a6c","hash":"fae43ddae683d73388e8802fb26452c6512f2456"}
,"/Dev/Nityanushtaana/NityaPooja/component/Avarana/Avarana.js": {"path":"/Dev/Nityanushtaana/NityaPooja/component/Avarana/Avarana.js","statementMap":{"0":{"start":{"line":6,"column":4},"end":{"line":8,"column":11}}},"fnMap":{"0":{"name":"(anonymous_0)","decl":{"start":{"line":4,"column":22},"end":{"line":4,"column":23}},"loc":{"start":{"line":6,"column":4},"end":{"line":8,"column":11}},"line":6}},"branchMap":{},"s":{"0":35},"f":{"0":35},"b":{},"_coverageSchema":"332fd63041d2c1bcb487cc26dd0d5f7d97098a6c","hash":"9ad94ed644a0ffbe58688bae62bf802179ada8d9"}
,"/Dev/Nityanushtaana/NityaPooja/component/Bhandara/Aachamaneya/Aachamaneya.js": {"path":"/Dev/Nityanushtaana/NityaPooja/component/Bhandara/Aachamaneya/Aachamaneya.js","statementMap":{"0":{"start":{"line":8,"column":2},"end":{"line":23,"column":9}}},"fnMap":{"0":{"name":"(anonymous_0)","decl":{"start":{"line":7,"column":24},"end":{"line":7,"column":25}},"loc":{"start":{"line":8,"column":2},"end":{"line":23,"column":9}},"line":8}},"branchMap":{},"s":{"0":3},"f":{"0":3},"b":{},"_coverageSchema":"332fd63041d2c1bcb487cc26dd0d5f7d97098a6c","hash":"68b321af7154080668bf7563bfe1dda582282ac9"}
,"/Dev/Nityanushtaana/NityaPooja/component/Bhandara/Aasana/Aasana.js": {"path":"/Dev/Nityanushtaana/NityaPooja/component/Bhandara/Aasana/Aasana.js","statementMap":{"0":{"start":{"line":10,"column":4},"end":{"line":21,"column":11}}},"fnMap":{"0":{"name":"(anonymous_0)","decl":{"start":{"line":9,"column":21},"end":{"line":9,"column":22}},"loc":{"start":{"line":10,"column":4},"end":{"line":21,"column":11}},"line":10}},"branchMap":{},"s":{"0":2},"f":{"0":2},"b":{},"_coverageSchema":"332fd63041d2c1bcb487cc26dd0d5f7d97098a6c","hash":"6f18c2f79055d57729824c178b13de49c7930986"}
,"/Dev/Nityanushtaana/NityaPooja/component/Bhandara/Aasanavidhi/Aasanavidhi.js": {"path":"/Dev/Nityanushtaana/NityaPooja/component/Bhandara/Aasanavidhi/Aasanavidhi.js","statementMap":{"0":{"start":{"line":10,"column":4},"end":{"line":24,"column":11}}},"fnMap":{"0":{"name":"(anonymous_0)","decl":{"start":{"line":9,"column":25},"end":{"line":9,"column":26}},"loc":{"start":{"line":10,"column":4},"end":{"line":24,"column":11}},"line":10}},"branchMap":{},"s":{"0":2},"f":{"0":2},"b":{},"_coverageSchema":"332fd63041d2c1bcb487cc26dd0d5f7d97098a6c","hash":"f4f47fa6af2cd4e159968b3648c52c4a5ed862eb"}
,"/Dev/Nityanushtaana/NityaPooja/component/Bhandara/Aavahana/Aavahana.js": {"path":"/Dev/Nityanushtaana/NityaPooja/component/Bhandara/Aavahana/Aavahana.js","statementMap":{"0":{"start":{"line":10,"column":4},"end":{"line":24,"column":11}}},"fnMap":{"0":{"name":"(anonymous_0)","decl":{"start":{"line":9,"column":28},"end":{"line":9,"column":29}},"loc":{"start":{"line":10,"column":4},"end":{"line":24,"column":11}},"line":10}},"branchMap":{},"s":{"0":2},"f":{"0":2},"b":{},"_coverageSchema":"332fd63041d2c1bcb487cc26dd0d5f7d97098a6c","hash":"e15a4380779ec7c91923c63b1555ca78389bb2bb"}
,"/Dev/Nityanushtaana/NityaPooja/component/Bhandara/AdiPrarthane/AdiPrarthane.js": {"path":"/Dev/Nityanushtaana/NityaPooja/component/Bhandara/AdiPrarthane/AdiPrarthane.js","statementMap":{"0":{"start":{"line":8,"column":4},"end":{"line":19,"column":11}}},"fnMap":{"0":{"name":"(anonymous_0)","decl":{"start":{"line":7,"column":30},"end":{"line":7,"column":31}},"loc":{"start":{"line":8,"column":4},"end":{"line":19,"column":11}},"line":8}},"branchMap":{},"s":{"0":2},"f":{"0":2},"b":{},"_coverageSchema":"332fd63041d2c1bcb487cc26dd0d5f7d97098a6c","hash":"570106636bd6735cf549bfdcb9c61ebf5cdce8bc"}
,"/Dev/Nityanushtaana/NityaPooja/component/Bhandara/Akshate/Akshate.js": {"path":"/Dev/Nityanushtaana/NityaPooja/component/Bhandara/Akshate/Akshate.js","statementMap":{"0":{"start":{"line":10,"column":4},"end":{"line":23,"column":11}}},"fnMap":{"0":{"name":"(anonymous_0)","decl":{"start":{"line":9,"column":24},"end":{"line":9,"column":25}},"loc":{"start":{"line":10,"column":4},"end":{"line":23,"column":11}},"line":10}},"branchMap":{},"s":{"0":2},"f":{"0":2},"b":{},"_coverageSchema":"332fd63041d2c1bcb487cc26dd0d5f7d97098a6c","hash":"315c8707f233148b3cbafd47aae72f39e721f727"}
,"/Dev/Nityanushtaana/NityaPooja/component/Bhandara/AparadhaKshamapana/AparadhaKshamapana.js": {"path":"/Dev/Nityanushtaana/NityaPooja/component/Bhandara/AparadhaKshamapana/AparadhaKshamapana.js","statementMap":{"0":{"start":{"line":10,"column":4},"end":{"line":44,"column":11}}},"fnMap":{"0":{"name":"(anonymous_0)","decl":{"start":{"line":9,"column":30},"end":{"line":9,"column":31}},"loc":{"start":{"line":10,"column":4},"end":{"line":44,"column":11}},"line":10}},"branchMap":{},"s":{"0":3},"f":{"0":3},"b":{},"_coverageSchema":"332fd63041d2c1bcb487cc26dd0d5f7d97098a6c","hash":"95933c54c1748dc0c2d02ff1adb2b7f2a1015b33"}
,"/Dev/Nityanushtaana/NityaPooja/component/Bhandara/Arghya/Arghya.js": {"path":"/Dev/Nityanushtaana/NityaPooja/component/Bhandara/Arghya/Arghya.js","statementMap":{"0":{"start":{"line":10,"column":4},"end":{"line":26,"column":11}}},"fnMap":{"0":{"name":"(anonymous_0)","decl":{"start":{"line":9,"column":24},"end":{"line":9,"column":25}},"loc":{"start":{"line":10,"column":4},"end":{"line":26,"column":11}},"line":10}},"branchMap":{},"s":{"0":1},"f":{"0":1},"b":{},"_coverageSchema":"332fd63041d2c1bcb487cc26dd0d5f7d97098a6c","hash":"a750ba0af3946e5fb549e45b3687aa5630d497fc"}
,"/Dev/Nityanushtaana/NityaPooja/component/Bhandara/Bhoototsarana/Bhoototsarana.js": {"path":"/Dev/Nityanushtaana/NityaPooja/component/Bhandara/Bhoototsarana/Bhoototsarana.js","statementMap":{"0":{"start":{"line":10,"column":4},"end":{"line":21,"column":11}}},"fnMap":{"0":{"name":"(anonymous_0)","decl":{"start":{"line":9,"column":27},"end":{"line":9,"column":28}},"loc":{"start":{"line":10,"column":4},"end":{"line":21,"column":11}},"line":10}},"branchMap":{},"s":{"0":2},"f":{"0":2},"b":{},"_coverageSchema":"332fd63041d2c1bcb487cc26dd0d5f7d97098a6c","hash":"2ffb785b8f7c40ec912bb80e2506d3ac653fa12f"}
,"/Dev/Nityanushtaana/NityaPooja/component/Bhandara/Deepa/Deepa.js": {"path":"/Dev/Nityanushtaana/NityaPooja/component/Bhandara/Deepa/Deepa.js","statementMap":{"0":{"start":{"line":10,"column":4},"end":{"line":33,"column":11}}},"fnMap":{"0":{"name":"(anonymous_0)","decl":{"start":{"line":9,"column":21},"end":{"line":9,"column":22}},"loc":{"start":{"line":10,"column":4},"end":{"line":33,"column":11}},"line":10}},"branchMap":{},"s":{"0":2},"f":{"0":2},"b":{},"_coverageSchema":"332fd63041d2c1bcb487cc26dd0d5f7d97098a6c","hash":"42864292286671431b1b6d26bbacc8fa119116e8"}
,"/Dev/Nityanushtaana/NityaPooja/component/Bhandara/Dhupa/Dhupa.js": {"path":"/Dev/Nityanushtaana/NityaPooja/component/Bhandara/Dhupa/Dhupa.js","statementMap":{"0":{"start":{"line":10,"column":4},"end":{"line":26,"column":11}}},"fnMap":{"0":{"name":"(anonymous_0)","decl":{"start":{"line":9,"column":21},"end":{"line":9,"column":22}},"loc":{"start":{"line":10,"column":4},"end":{"line":26,"column":11}},"line":10}},"branchMap":{},"s":{"0":2},"f":{"0":2},"b":{},"_coverageSchema":"332fd63041d2c1bcb487cc26dd0d5f7d97098a6c","hash":"31dcb0b0533425747fa0e275843999706b51501a"}
,"/Dev/Nityanushtaana/NityaPooja/component/Bhandara/Gandha/Gandha.js": {"path":"/Dev/Nityanushtaana/NityaPooja/component/Bhandara/Gandha/Gandha.js","statementMap":{"0":{"start":{"line":10,"column":4},"end":{"line":23,"column":11}}},"fnMap":{"0":{"name":"(anonymous_0)","decl":{"start":{"line":9,"column":21},"end":{"line":9,"column":22}},"loc":{"start":{"line":10,"column":4},"end":{"line":23,"column":11}},"line":10}},"branchMap":{},"s":{"0":2},"f":{"0":2},"b":{},"_coverageSchema":"332fd63041d2c1bcb487cc26dd0d5f7d97098a6c","hash":"b6858c22544e740df4bcf5bf009fe9009c9890b5"}
,"/Dev/Nityanushtaana/NityaPooja/component/Bhandara/Ghantanaada/Ghantanaada.js": {"path":"/Dev/Nityanushtaana/NityaPooja/component/Bhandara/Ghantanaada/Ghantanaada.js","statementMap":{"0":{"start":{"line":10,"column":4},"end":{"line":21,"column":11}}},"fnMap":{"0":{"name":"(anonymous_0)","decl":{"start":{"line":9,"column":25},"end":{"line":9,"column":26}},"loc":{"start":{"line":10,"column":4},"end":{"line":21,"column":11}},"line":10}},"branchMap":{},"s":{"0":2},"f":{"0":2},"b":{},"_coverageSchema":"332fd63041d2c1bcb487cc26dd0d5f7d97098a6c","hash":"ac8966ea5de313294a091965c9d7a51a63e5c35b"}
,"/Dev/Nityanushtaana/NityaPooja/component/Bhandara/Kalashaarchane/Kalashaarchane.js": {"path":"/Dev/Nityanushtaana/NityaPooja/component/Bhandara/Kalashaarchane/Kalashaarchane.js","statementMap":{"0":{"start":{"line":10,"column":4},"end":{"line":57,"column":11}}},"fnMap":{"0":{"name":"(anonymous_0)","decl":{"start":{"line":9,"column":27},"end":{"line":9,"column":28}},"loc":{"start":{"line":10,"column":4},"end":{"line":57,"column":11}},"line":10}},"branchMap":{},"s":{"0":2},"f":{"0":2},"b":{},"_coverageSchema":"332fd63041d2c1bcb487cc26dd0d5f7d97098a6c","hash":"fe3517d8431d68cd7d83762cbf51e24497279616"}
,"/Dev/Nityanushtaana/NityaPooja/component/Bhandara/MadhuParka/MadhuParka.js": {"path":"/Dev/Nityanushtaana/NityaPooja/component/Bhandara/MadhuParka/MadhuParka.js","statementMap":{"0":{"start":{"line":10,"column":4},"end":{"line":27,"column":11}}},"fnMap":{"0":{"name":"(anonymous_0)","decl":{"start":{"line":9,"column":25},"end":{"line":9,"column":26}},"loc":{"start":{"line":10,"column":4},"end":{"line":27,"column":11}},"line":10}},"branchMap":{},"s":{"0":2},"f":{"0":2},"b":{},"_coverageSchema":"332fd63041d2c1bcb487cc26dd0d5f7d97098a6c","hash":"f5a10b6118813db3110356e354eec010a2054dab"}
,"/Dev/Nityanushtaana/NityaPooja/component/Bhandara/MahaGanapatiPrarthane/MahaGanapatiPrarthane.js": {"path":"/Dev/Nityanushtaana/NityaPooja/component/Bhandara/MahaGanapatiPrarthane/MahaGanapatiPrarthane.js","statementMap":{"0":{"start":{"line":10,"column":4},"end":{"line":35,"column":11}}},"fnMap":{"0":{"name":"(anonymous_0)","decl":{"start":{"line":9,"column":35},"end":{"line":9,"column":36}},"loc":{"start":{"line":10,"column":4},"end":{"line":35,"column":11}},"line":10}},"branchMap":{},"s":{"0":2},"f":{"0":2},"b":{},"_coverageSchema":"332fd63041d2c1bcb487cc26dd0d5f7d97098a6c","hash":"db078f025ca2ab27e1045592d9f2028a79c29d2a"}
,"/Dev/Nityanushtaana/NityaPooja/component/Bhandara/MantraPushpa/MantraPushpa.js": {"path":"/Dev/Nityanushtaana/NityaPooja/component/Bhandara/MantraPushpa/MantraPushpa.js","statementMap":{"0":{"start":{"line":10,"column":4},"end":{"line":34,"column":11}}},"fnMap":{"0":{"name":"(anonymous_0)","decl":{"start":{"line":9,"column":28},"end":{"line":9,"column":29}},"loc":{"start":{"line":10,"column":4},"end":{"line":34,"column":11}},"line":10}},"branchMap":{},"s":{"0":2},"f":{"0":2},"b":{},"_coverageSchema":"332fd63041d2c1bcb487cc26dd0d5f7d97098a6c","hash":"4a5a5ac3e12884d4ecfcf9c15535f774f8dcf276"}
,"/Dev/Nityanushtaana/NityaPooja/component/Bhandara/Naivedya/Naivedya.js": {"path":"/Dev/Nityanushtaana/NityaPooja/component/Bhandara/Naivedya/Naivedya.js","statementMap":{"0":{"start":{"line":10,"column":4},"end":{"line":51,"column":11}}},"fnMap":{"0":{"name":"(anonymous_0)","decl":{"start":{"line":9,"column":25},"end":{"line":9,"column":26}},"loc":{"start":{"line":10,"column":4},"end":{"line":51,"column":11}},"line":10}},"branchMap":{},"s":{"0":2},"f":{"0":2},"b":{},"_coverageSchema":"332fd63041d2c1bcb487cc26dd0d5f7d97098a6c","hash":"7966a5723368e85ea79489e9f9857640f6b9d67c"}
,"/Dev/Nityanushtaana/NityaPooja/component/Bhandara/Namaskara/Namaskara.js": {"path":"/Dev/Nityanushtaana/NityaPooja/component/Bhandara/Namaskara/Namaskara.js","statementMap":{"0":{"start":{"line":10,"column":4},"end":{"line":27,"column":11}}},"fnMap":{"0":{"name":"(anonymous_0)","decl":{"start":{"line":9,"column":25},"end":{"line":9,"column":26}},"loc":{"start":{"line":10,"column":4},"end":{"line":27,"column":11}},"line":10}},"branchMap":{},"s":{"0":2},"f":{"0":2},"b":{},"_coverageSchema":"332fd63041d2c1bcb487cc26dd0d5f7d97098a6c","hash":"d41a4a026d6e7870efc12a5ec9e04e9ca6586b37"}
,"/Dev/Nityanushtaana/NityaPooja/component/Bhandara/Neerajana/Neerajana.js": {"path":"/Dev/Nityanushtaana/NityaPooja/component/Bhandara/Neerajana/Neerajana.js","statementMap":{"0":{"start":{"line":10,"column":4},"end":{"line":43,"column":11}}},"fnMap":{"0":{"name":"(anonymous_0)","decl":{"start":{"line":9,"column":24},"end":{"line":9,"column":25}},"loc":{"start":{"line":10,"column":4},"end":{"line":43,"column":11}},"line":10}},"branchMap":{},"s":{"0":2},"f":{"0":2},"b":{},"_coverageSchema":"332fd63041d2c1bcb487cc26dd0d5f7d97098a6c","hash":"e4b5072060dc2b1a45996d4fba8eda5c0a2fd3dc"}
,"/Dev/Nityanushtaana/NityaPooja/component/Bhandara/Padya/Padya.js": {"path":"/Dev/Nityanushtaana/NityaPooja/component/Bhandara/Padya/Padya.js","statementMap":{"0":{"start":{"line":10,"column":4},"end":{"line":27,"column":11}}},"fnMap":{"0":{"name":"(anonymous_0)","decl":{"start":{"line":9,"column":23},"end":{"line":9,"column":24}},"loc":{"start":{"line":10,"column":4},"end":{"line":27,"column":11}},"line":10}},"branchMap":{},"s":{"0":2},"f":{"0":2},"b":{},"_coverageSchema":"332fd63041d2c1bcb487cc26dd0d5f7d97098a6c","hash":"a167ddd9a1606a0e4430c301dadba3b26f7b4def"}
,"/Dev/Nityanushtaana/NityaPooja/component/Bhandara/Prarthana/Prarthana.js": {"path":"/Dev/Nityanushtaana/NityaPooja/component/Bhandara/Prarthana/Prarthana.js","statementMap":{"0":{"start":{"line":10,"column":4},"end":{"line":26,"column":11}}},"fnMap":{"0":{"name":"(anonymous_0)","decl":{"start":{"line":9,"column":26},"end":{"line":9,"column":27}},"loc":{"start":{"line":10,"column":4},"end":{"line":26,"column":11}},"line":10}},"branchMap":{},"s":{"0":2},"f":{"0":2},"b":{},"_coverageSchema":"332fd63041d2c1bcb487cc26dd0d5f7d97098a6c","hash":"0a4c9b460d073b609674bfe821f975ea1c805cb1"}
,"/Dev/Nityanushtaana/NityaPooja/component/Bhandara/PunahPuja/PunahPuja.js": {"path":"/Dev/Nityanushtaana/NityaPooja/component/Bhandara/PunahPuja/PunahPuja.js","statementMap":{"0":{"start":{"line":10,"column":4},"end":{"line":34,"column":11}}},"fnMap":{"0":{"name":"(anonymous_0)","decl":{"start":{"line":9,"column":26},"end":{"line":9,"column":27}},"loc":{"start":{"line":10,"column":4},"end":{"line":34,"column":11}},"line":10}},"branchMap":{},"s":{"0":2},"f":{"0":2},"b":{},"_coverageSchema":"332fd63041d2c1bcb487cc26dd0d5f7d97098a6c","hash":"0328c240cf1429b92420a3c5c56bd0902265f115"}
,"/Dev/Nityanushtaana/NityaPooja/component/Bhandara/Punararghya/Punararghya.js": {"path":"/Dev/Nityanushtaana/NityaPooja/component/Bhandara/Punararghya/Punararghya.js","statementMap":{"0":{"start":{"line":10,"column":4},"end":{"line":28,"column":11}}},"fnMap":{"0":{"name":"(anonymous_0)","decl":{"start":{"line":9,"column":27},"end":{"line":9,"column":28}},"loc":{"start":{"line":10,"column":4},"end":{"line":28,"column":11}},"line":10}},"branchMap":{},"s":{"0":2},"f":{"0":2},"b":{},"_coverageSchema":"332fd63041d2c1bcb487cc26dd0d5f7d97098a6c","hash":"18f16c92cc6780d8a64fbf27d65e9f5c24e2110e"}
,"/Dev/Nityanushtaana/NityaPooja/component/Bhandara/PurushaSuktaShodashopacharaLekhana/PurushaSuktaShodashopacharaLekhana.js": {"path":"/Dev/Nityanushtaana/NityaPooja/component/Bhandara/PurushaSuktaShodashopacharaLekhana/PurushaSuktaShodashopacharaLekhana.js","statementMap":{"0":{"start":{"line":10,"column":4},"end":{"line":17,"column":11}}},"fnMap":{"0":{"name":"(anonymous_0)","decl":{"start":{"line":7,"column":41},"end":{"line":7,"column":42}},"loc":{"start":{"line":10,"column":4},"end":{"line":17,"column":11}},"line":10}},"branchMap":{},"s":{"0":2},"f":{"0":2},"b":{},"_coverageSchema":"332fd63041d2c1bcb487cc26dd0d5f7d97098a6c","hash":"1c985595a0f19f788adb0ada575b3c148c6f3c98"}
,"/Dev/Nityanushtaana/NityaPooja/component/Bhandara/Pushpa/Pushpa.js": {"path":"/Dev/Nityanushtaana/NityaPooja/component/Bhandara/Pushpa/Pushpa.js","statementMap":{"0":{"start":{"line":10,"column":4},"end":{"line":23,"column":11}}},"fnMap":{"0":{"name":"(anonymous_0)","decl":{"start":{"line":9,"column":23},"end":{"line":9,"column":24}},"loc":{"start":{"line":10,"column":4},"end":{"line":23,"column":11}},"line":10}},"branchMap":{},"s":{"0":2},"f":{"0":2},"b":{},"_coverageSchema":"332fd63041d2c1bcb487cc26dd0d5f7d97098a6c","hash":"62a1054e3c060dfdc675d4a68c2033976fff6b97"}
,"/Dev/Nityanushtaana/NityaPooja/component/Bhandara/Sankalpa/Sankalpa.js": {"path":"/Dev/Nityanushtaana/NityaPooja/component/Bhandara/Sankalpa/Sankalpa.js","statementMap":{"0":{"start":{"line":10,"column":2},"end":{"line":45,"column":9}}},"fnMap":{"0":{"name":"(anonymous_0)","decl":{"start":{"line":9,"column":24},"end":{"line":9,"column":25}},"loc":{"start":{"line":10,"column":2},"end":{"line":45,"column":9}},"line":10}},"branchMap":{},"s":{"0":2},"f":{"0":2},"b":{},"_coverageSchema":"332fd63041d2c1bcb487cc26dd0d5f7d97098a6c","hash":"a8eb09a93099d2828208650d52ea2b266f646956"}
,"/Dev/Nityanushtaana/NityaPooja/component/Bhandara/Shankhapuja/Shankhapuja.js": {"path":"/Dev/Nityanushtaana/NityaPooja/component/Bhandara/Shankhapuja/Shankhapuja.js","statementMap":{"0":{"start":{"line":10,"column":4},"end":{"line":42,"column":11}}},"fnMap":{"0":{"name":"(anonymous_0)","decl":{"start":{"line":9,"column":25},"end":{"line":9,"column":26}},"loc":{"start":{"line":10,"column":4},"end":{"line":42,"column":11}},"line":10}},"branchMap":{},"s":{"0":2},"f":{"0":2},"b":{},"_coverageSchema":"332fd63041d2c1bcb487cc26dd0d5f7d97098a6c","hash":"878c9935d1f5afd09ad8df40e9dec3c0fe2320fd"}
,"/Dev/Nityanushtaana/NityaPooja/component/Bhandara/ShudhodakaSnana/ShudhodakaSnana.js": {"path":"/Dev/Nityanushtaana/NityaPooja/component/Bhandara/ShudhodakaSnana/ShudhodakaSnana.js","statementMap":{"0":{"start":{"line":10,"column":4},"end":{"line":28,"column":11}}},"fnMap":{"0":{"name":"(anonymous_0)","decl":{"start":{"line":9,"column":31},"end":{"line":9,"column":32}},"loc":{"start":{"line":10,"column":4},"end":{"line":28,"column":11}},"line":10}},"branchMap":{},"s":{"0":2},"f":{"0":2},"b":{},"_coverageSchema":"332fd63041d2c1bcb487cc26dd0d5f7d97098a6c","hash":"eb927b94a28b46320f1fdd367263f798dd35999b"}
,"/Dev/Nityanushtaana/NityaPooja/component/Bhandara/Sochane/AachaManeyaSoochane.js": {"path":"/Dev/Nityanushtaana/NityaPooja/component/Bhandara/Sochane/AachaManeyaSoochane.js","statementMap":{"0":{"start":{"line":6,"column":4},"end":{"line":8,"column":12}}},"fnMap":{"0":{"name":"(anonymous_0)","decl":{"start":{"line":5,"column":29},"end":{"line":5,"column":30}},"loc":{"start":{"line":6,"column":4},"end":{"line":8,"column":12}},"line":6}},"branchMap":{},"s":{"0":3},"f":{"0":3},"b":{},"_coverageSchema":"332fd63041d2c1bcb487cc26dd0d5f7d97098a6c","hash":"df8f0e47d087a9dcecbaa0c2fdc25a95a1eb186a"}
,"/Dev/Nityanushtaana/NityaPooja/component/Bhandara/Sochane/DevaPujaAasnaSochane.js": {"path":"/Dev/Nityanushtaana/NityaPooja/component/Bhandara/Sochane/DevaPujaAasnaSochane.js","statementMap":{"0":{"start":{"line":6,"column":4},"end":{"line":8,"column":12}}},"fnMap":{"0":{"name":"(anonymous_0)","decl":{"start":{"line":5,"column":33},"end":{"line":5,"column":34}},"loc":{"start":{"line":6,"column":4},"end":{"line":8,"column":12}},"line":6}},"branchMap":{},"s":{"0":2},"f":{"0":2},"b":{},"_coverageSchema":"332fd63041d2c1bcb487cc26dd0d5f7d97098a6c","hash":"83b91d641a38d96fea60dcd9283b0eefa9403625"}
,"/Dev/Nityanushtaana/NityaPooja/component/Bhandara/Tambula/Tambula.js": {"path":"/Dev/Nityanushtaana/NityaPooja/component/Bhandara/Tambula/Tambula.js","statementMap":{"0":{"start":{"line":10,"column":4},"end":{"line":25,"column":11}}},"fnMap":{"0":{"name":"(anonymous_0)","decl":{"start":{"line":9,"column":24},"end":{"line":9,"column":25}},"loc":{"start":{"line":10,"column":4},"end":{"line":25,"column":11}},"line":10}},"branchMap":{},"s":{"0":2},"f":{"0":2},"b":{},"_coverageSchema":"332fd63041d2c1bcb487cc26dd0d5f7d97098a6c","hash":"c7e234526e4c08f28c8de57227dffbfa43386466"}
,"/Dev/Nityanushtaana/NityaPooja/component/Bhandara/UpacharaAchamaneya/UpacharaAchamaneya.js": {"path":"/Dev/Nityanushtaana/NityaPooja/component/Bhandara/UpacharaAchamaneya/UpacharaAchamaneya.js","statementMap":{"0":{"start":{"line":10,"column":4},"end":{"line":25,"column":11}}},"fnMap":{"0":{"name":"(anonymous_0)","decl":{"start":{"line":9,"column":29},"end":{"line":9,"column":30}},"loc":{"start":{"line":10,"column":4},"end":{"line":25,"column":11}},"line":10}},"branchMap":{},"s":{"0":2},"f":{"0":2},"b":{},"_coverageSchema":"332fd63041d2c1bcb487cc26dd0d5f7d97098a6c","hash":"b52606dd64faf89df32e360bb3c5e1dd0c6eb638"}
,"/Dev/Nityanushtaana/NityaPooja/component/Bhandara/Upaveta/Upaveta.js": {"path":"/Dev/Nityanushtaana/NityaPooja/component/Bhandara/Upaveta/Upaveta.js","statementMap":{"0":{"start":{"line":10,"column":4},"end":{"line":23,"column":11}}},"fnMap":{"0":{"name":"(anonymous_0)","decl":{"start":{"line":9,"column":23},"end":{"line":9,"column":24}},"loc":{"start":{"line":10,"column":4},"end":{"line":23,"column":11}},"line":10}},"branchMap":{},"s":{"0":2},"f":{"0":2},"b":{},"_coverageSchema":"332fd63041d2c1bcb487cc26dd0d5f7d97098a6c","hash":"23ccd885a4a1c9ccea81cff2b55be5903989ec6e"}
,"/Dev/Nityanushtaana/NityaPooja/component/Bhandara/VastraYugma/VastraYugma.js": {"path":"/Dev/Nityanushtaana/NityaPooja/component/Bhandara/VastraYugma/VastraYugma.js","statementMap":{"0":{"start":{"line":10,"column":4},"end":{"line":24,"column":11}}},"fnMap":{"0":{"name":"(anonymous_0)","decl":{"start":{"line":9,"column":29},"end":{"line":9,"column":30}},"loc":{"start":{"line":10,"column":4},"end":{"line":24,"column":11}},"line":10}},"branchMap":{},"s":{"0":2},"f":{"0":2},"b":{},"_coverageSchema":"332fd63041d2c1bcb487cc26dd0d5f7d97098a6c","hash":"920ff81bea31e0226851d3e1365e71eeae8b4865"}
,"/Dev/Nityanushtaana/NityaPooja/component/Lekhana/Lekhana.js": {"path":"/Dev/Nityanushtaana/NityaPooja/component/Lekhana/Lekhana.js","statementMap":{"0":{"start":{"line":8,"column":6},"end":{"line":10,"column":15}}},"fnMap":{"0":{"name":"(anonymous_0)","decl":{"start":{"line":7,"column":23},"end":{"line":7,"column":24}},"loc":{"start":{"line":8,"column":6},"end":{"line":10,"column":15}},"line":8}},"branchMap":{},"s":{"0":2},"f":{"0":2},"b":{},"_coverageSchema":"332fd63041d2c1bcb487cc26dd0d5f7d97098a6c","hash":"a735ae2117617dad5e10f4e54709a8f511bed406"}
,"/Dev/Nityanushtaana/NityaPooja/component/Lekhana/Lekhana.vinyasa.js": {"path":"/Dev/Nityanushtaana/NityaPooja/component/Lekhana/Lekhana.vinyasa.js","statementMap":{},"fnMap":{},"branchMap":{},"s":{},"f":{},"b":{},"_coverageSchema":"332fd63041d2c1bcb487cc26dd0d5f7d97098a6c","hash":"2aa418efc4d81c5ef8055e2a9b0513f06b22ebe8"}
,"/Dev/Nityanushtaana/NityaPooja/component/Lekhana/PutaSankhyaDarshaka.js": {"path":"/Dev/Nityanushtaana/NityaPooja/component/Lekhana/PutaSankhyaDarshaka.js","statementMap":{"0":{"start":{"line":6,"column":4},"end":{"line":10,"column":11}}},"fnMap":{"0":{"name":"(anonymous_0)","decl":{"start":{"line":4,"column":32},"end":{"line":4,"column":33}},"loc":{"start":{"line":6,"column":4},"end":{"line":10,"column":11}},"line":6}},"branchMap":{},"s":{"0":2},"f":{"0":2},"b":{},"_coverageSchema":"332fd63041d2c1bcb487cc26dd0d5f7d97098a6c","hash":"2e5bb3c966c4b064ea7d1a5696ce85cc3c11694c"}
,"/Dev/Nityanushtaana/NityaPooja/component/LekhanaSheershike/LekhanaShershike.js": {"path":"/Dev/Nityanushtaana/NityaPooja/component/LekhanaSheershike/LekhanaShershike.js","statementMap":{"0":{"start":{"line":8,"column":4},"end":{"line":12,"column":11}}},"fnMap":{"0":{"name":"(anonymous_0)","decl":{"start":{"line":6,"column":30},"end":{"line":6,"column":31}},"loc":{"start":{"line":8,"column":4},"end":{"line":12,"column":11}},"line":8}},"branchMap":{},"s":{"0":2},"f":{"0":2},"b":{},"_coverageSchema":"332fd63041d2c1bcb487cc26dd0d5f7d97098a6c","hash":"42bc5e896f2424a6869f37e75f356b33e6b9da53"}
,"/Dev/Nityanushtaana/NityaPooja/component/LekhanaSheershike/LekhanaShershike.vinyasa.js": {"path":"/Dev/Nityanushtaana/NityaPooja/component/LekhanaSheershike/LekhanaShershike.vinyasa.js","statementMap":{},"fnMap":{},"branchMap":{},"s":{},"f":{},"b":{},"_coverageSchema":"332fd63041d2c1bcb487cc26dd0d5f7d97098a6c","hash":"16f66086d0d4e7ce065fe2510c7e2616323157e9"}
,"/Dev/Nityanushtaana/NityaPooja/component/PurushaSuktaShodashopachara/PurushaSuktaShodashopachara.js": {"path":"/Dev/Nityanushtaana/NityaPooja/component/PurushaSuktaShodashopachara/PurushaSuktaShodashopachara.js","statementMap":{"0":{"start":{"line":43,"column":4},"end":{"line":138,"column":30}}},"fnMap":{"0":{"name":"(anonymous_0)","decl":{"start":{"line":40,"column":37},"end":{"line":40,"column":38}},"loc":{"start":{"line":43,"column":4},"end":{"line":138,"column":30}},"line":43}},"branchMap":{},"s":{"0":2},"f":{"0":2},"b":{},"_coverageSchema":"332fd63041d2c1bcb487cc26dd0d5f7d97098a6c","hash":"a1e05f71e7069cd2a359188447e431e5fc67f8ce"}
,"/Dev/Nityanushtaana/NityaPooja/component/Puta/Puta.js": {"path":"/Dev/Nityanushtaana/NityaPooja/component/Puta/Puta.js","statementMap":{"0":{"start":{"line":6,"column":2},"end":{"line":10,"column":9}}},"fnMap":{"0":{"name":"(anonymous_0)","decl":{"start":{"line":5,"column":21},"end":{"line":5,"column":22}},"loc":{"start":{"line":6,"column":2},"end":{"line":10,"column":9}},"line":6}},"branchMap":{},"s":{"0":33},"f":{"0":33},"b":{},"_coverageSchema":"332fd63041d2c1bcb487cc26dd0d5f7d97098a6c","hash":"a85262a83981f13f0355d69f16e79262fb1e8cf8"}
,"/Dev/Nityanushtaana/NityaPooja/component/Vishaya/Purvanga.js": {"path":"/Dev/Nityanushtaana/NityaPooja/component/Vishaya/Purvanga.js","statementMap":{"0":{"start":{"line":5,"column":23},"end":{"line":14,"column":5}},"1":{"start":{"line":17,"column":4},"end":{"line":19,"column":11}}},"fnMap":{"0":{"name":"(anonymous_0)","decl":{"start":{"line":16,"column":26},"end":{"line":16,"column":27}},"loc":{"start":{"line":17,"column":4},"end":{"line":19,"column":11}},"line":17}},"branchMap":{},"s":{"0":2,"1":39},"f":{"0":39},"b":{},"_coverageSchema":"332fd63041d2c1bcb487cc26dd0d5f7d97098a6c","hash":"0dcba18ce96022b4e312db57ac564e6f8fbd1a55"}
,"/Dev/Nityanushtaana/NityaPooja/component/Vishaya/Sheershike.js": {"path":"/Dev/Nityanushtaana/NityaPooja/component/Vishaya/Sheershike.js","statementMap":{"0":{"start":{"line":5,"column":23},"end":{"line":13,"column":5}},"1":{"start":{"line":17,"column":4},"end":{"line":19,"column":11}}},"fnMap":{"0":{"name":"(anonymous_0)","decl":{"start":{"line":16,"column":26},"end":{"line":16,"column":27}},"loc":{"start":{"line":17,"column":4},"end":{"line":19,"column":11}},"line":17}},"branchMap":{},"s":{"0":2,"1":34},"f":{"0":34},"b":{},"_coverageSchema":"332fd63041d2c1bcb487cc26dd0d5f7d97098a6c","hash":"746bd42b9883750536c9bd5f346b3d76c1a39407"}
,"/Dev/Nityanushtaana/NityaPooja/component/Vishaya/Vidhana.js": {"path":"/Dev/Nityanushtaana/NityaPooja/component/Vishaya/Vidhana.js","statementMap":{"0":{"start":{"line":5,"column":23},"end":{"line":13,"column":5}},"1":{"start":{"line":16,"column":4},"end":{"line":18,"column":11}}},"fnMap":{"0":{"name":"(anonymous_0)","decl":{"start":{"line":15,"column":23},"end":{"line":15,"column":24}},"loc":{"start":{"line":16,"column":4},"end":{"line":18,"column":11}},"line":16}},"branchMap":{},"s":{"0":2,"1":22},"f":{"0":22},"b":{},"_coverageSchema":"332fd63041d2c1bcb487cc26dd0d5f7d97098a6c","hash":"8dba1fdd88faaddcbe61d421a090690dfd10c040"}
,"/Dev/Nityanushtaana/NityaPooja/component/Vishaya/Viniyoga.js": {"path":"/Dev/Nityanushtaana/NityaPooja/component/Vishaya/Viniyoga.js","statementMap":{"0":{"start":{"line":5,"column":23},"end":{"line":14,"column":4}},"1":{"start":{"line":17,"column":4},"end":{"line":19,"column":11}}},"fnMap":{"0":{"name":"(anonymous_0)","decl":{"start":{"line":16,"column":25},"end":{"line":16,"column":26}},"loc":{"start":{"line":17,"column":4},"end":{"line":19,"column":11}},"line":17}},"branchMap":{},"s":{"0":2,"1":67},"f":{"0":67},"b":{},"_coverageSchema":"332fd63041d2c1bcb487cc26dd0d5f7d97098a6c","hash":"c55781f9fba37d8a16d37627118eee702333e3d7"}
}
