TN:
SF:/Dev/Nityanushtaana/NityaPooja/App.js
FN:13,(anonymous_0)
FNF:1
FNH:1
FNDA:1,(anonymous_0)
DA:14,1
LF:1
LH:1
BRF:0
BRH:0
end_of_record
TN:
SF:/Dev/Nityanushtaana/NityaPooja/component/Avarana/Avarana.js
FN:4,(anonymous_0)
FNF:1
FNH:1
FNDA:35,(anonymous_0)
DA:6,35
LF:1
LH:1
BRF:0
BRH:0
end_of_record
TN:
SF:/Dev/Nityanushtaana/NityaPooja/component/Bhandara/Aachamaneya/Aachamaneya.js
FN:7,(anonymous_0)
FNF:1
FNH:1
FNDA:3,(anonymous_0)
DA:8,3
LF:1
LH:1
BRF:0
BRH:0
end_of_record
TN:
SF:/Dev/Nityanushtaana/NityaPooja/component/Bhandara/Aasana/Aasana.js
FN:9,(anonymous_0)
FNF:1
FNH:1
FNDA:2,(anonymous_0)
DA:10,2
LF:1
LH:1
BRF:0
BRH:0
end_of_record
TN:
SF:/Dev/Nityanushtaana/NityaPooja/component/Bhandara/Aasanavidhi/Aasanavidhi.js
FN:9,(anonymous_0)
FNF:1
FNH:1
FNDA:2,(anonymous_0)
DA:10,2
LF:1
LH:1
BRF:0
BRH:0
end_of_record
TN:
SF:/Dev/Nityanushtaana/NityaPooja/component/Bhandara/Aavahana/Aavahana.js
FN:9,(anonymous_0)
FNF:1
FNH:1
FNDA:2,(anonymous_0)
DA:10,2
LF:1
LH:1
BRF:0
BRH:0
end_of_record
TN:
SF:/Dev/Nityanushtaana/NityaPooja/component/Bhandara/AdiPrarthane/AdiPrarthane.js
FN:7,(anonymous_0)
FNF:1
FNH:1
FNDA:2,(anonymous_0)
DA:8,2
LF:1
LH:1
BRF:0
BRH:0
end_of_record
TN:
SF:/Dev/Nityanushtaana/NityaPooja/component/Bhandara/Akshate/Akshate.js
FN:9,(anonymous_0)
FNF:1
FNH:1
FNDA:2,(anonymous_0)
DA:10,2
LF:1
LH:1
BRF:0
BRH:0
end_of_record
TN:
SF:/Dev/Nityanushtaana/NityaPooja/component/Bhandara/AparadhaKshamapana/AparadhaKshamapana.js
FN:9,(anonymous_0)
FNF:1
FNH:1
FNDA:3,(anonymous_0)
DA:10,3
LF:1
LH:1
BRF:0
BRH:0
end_of_record
TN:
SF:/Dev/Nityanushtaana/NityaPooja/component/Bhandara/Arghya/Arghya.js
FN:9,(anonymous_0)
FNF:1
FNH:1
FNDA:1,(anonymous_0)
DA:10,1
LF:1
LH:1
BRF:0
BRH:0
end_of_record
TN:
SF:/Dev/Nityanushtaana/NityaPooja/component/Bhandara/Bhoototsarana/Bhoototsarana.js
FN:9,(anonymous_0)
FNF:1
FNH:1
FNDA:2,(anonymous_0)
DA:10,2
LF:1
LH:1
BRF:0
BRH:0
end_of_record
TN:
SF:/Dev/Nityanushtaana/NityaPooja/component/Bhandara/Deepa/Deepa.js
FN:9,(anonymous_0)
FNF:1
FNH:1
FNDA:2,(anonymous_0)
DA:10,2
LF:1
LH:1
BRF:0
BRH:0
end_of_record
TN:
SF:/Dev/Nityanushtaana/NityaPooja/component/Bhandara/Dhupa/Dhupa.js
FN:9,(anonymous_0)
FNF:1
FNH:1
FNDA:2,(anonymous_0)
DA:10,2
LF:1
LH:1
BRF:0
BRH:0
end_of_record
TN:
SF:/Dev/Nityanushtaana/NityaPooja/component/Bhandara/Gandha/Gandha.js
FN:9,(anonymous_0)
FNF:1
FNH:1
FNDA:2,(anonymous_0)
DA:10,2
LF:1
LH:1
BRF:0
BRH:0
end_of_record
TN:
SF:/Dev/Nityanushtaana/NityaPooja/component/Bhandara/Ghantanaada/Ghantanaada.js
FN:9,(anonymous_0)
FNF:1
FNH:1
FNDA:2,(anonymous_0)
DA:10,2
LF:1
LH:1
BRF:0
BRH:0
end_of_record
TN:
SF:/Dev/Nityanushtaana/NityaPooja/component/Bhandara/Kalashaarchane/Kalashaarchane.js
FN:9,(anonymous_0)
FNF:1
FNH:1
FNDA:2,(anonymous_0)
DA:10,2
LF:1
LH:1
BRF:0
BRH:0
end_of_record
TN:
SF:/Dev/Nityanushtaana/NityaPooja/component/Bhandara/MadhuParka/MadhuParka.js
FN:9,(anonymous_0)
FNF:1
FNH:1
FNDA:2,(anonymous_0)
DA:10,2
LF:1
LH:1
BRF:0
BRH:0
end_of_record
TN:
SF:/Dev/Nityanushtaana/NityaPooja/component/Bhandara/MahaGanapatiPrarthane/MahaGanapatiPrarthane.js
FN:9,(anonymous_0)
FNF:1
FNH:1
FNDA:2,(anonymous_0)
DA:10,2
LF:1
LH:1
BRF:0
BRH:0
end_of_record
TN:
SF:/Dev/Nityanushtaana/NityaPooja/component/Bhandara/MantraPushpa/MantraPushpa.js
FN:9,(anonymous_0)
FNF:1
FNH:1
FNDA:2,(anonymous_0)
DA:10,2
LF:1
LH:1
BRF:0
BRH:0
end_of_record
TN:
SF:/Dev/Nityanushtaana/NityaPooja/component/Bhandara/Naivedya/Naivedya.js
FN:9,(anonymous_0)
FNF:1
FNH:1
FNDA:2,(anonymous_0)
DA:10,2
LF:1
LH:1
BRF:0
BRH:0
end_of_record
TN:
SF:/Dev/Nityanushtaana/NityaPooja/component/Bhandara/Namaskara/Namaskara.js
FN:9,(anonymous_0)
FNF:1
FNH:1
FNDA:2,(anonymous_0)
DA:10,2
LF:1
LH:1
BRF:0
BRH:0
end_of_record
TN:
SF:/Dev/Nityanushtaana/NityaPooja/component/Bhandara/Neerajana/Neerajana.js
FN:9,(anonymous_0)
FNF:1
FNH:1
FNDA:2,(anonymous_0)
DA:10,2
LF:1
LH:1
BRF:0
BRH:0
end_of_record
TN:
SF:/Dev/Nityanushtaana/NityaPooja/component/Bhandara/Padya/Padya.js
FN:9,(anonymous_0)
FNF:1
FNH:1
FNDA:2,(anonymous_0)
DA:10,2
LF:1
LH:1
BRF:0
BRH:0
end_of_record
TN:
SF:/Dev/Nityanushtaana/NityaPooja/component/Bhandara/Prarthana/Prarthana.js
FN:9,(anonymous_0)
FNF:1
FNH:1
FNDA:2,(anonymous_0)
DA:10,2
LF:1
LH:1
BRF:0
BRH:0
end_of_record
TN:
SF:/Dev/Nityanushtaana/NityaPooja/component/Bhandara/PunahPuja/PunahPuja.js
FN:9,(anonymous_0)
FNF:1
FNH:1
FNDA:2,(anonymous_0)
DA:10,2
LF:1
LH:1
BRF:0
BRH:0
end_of_record
TN:
SF:/Dev/Nityanushtaana/NityaPooja/component/Bhandara/Punararghya/Punararghya.js
FN:9,(anonymous_0)
FNF:1
FNH:1
FNDA:2,(anonymous_0)
DA:10,2
LF:1
LH:1
BRF:0
BRH:0
end_of_record
TN:
SF:/Dev/Nityanushtaana/NityaPooja/component/Bhandara/PurushaSuktaShodashopacharaLekhana/PurushaSuktaShodashopacharaLekhana.js
FN:7,(anonymous_0)
FNF:1
FNH:1
FNDA:2,(anonymous_0)
DA:10,2
LF:1
LH:1
BRF:0
BRH:0
end_of_record
TN:
SF:/Dev/Nityanushtaana/NityaPooja/component/Bhandara/Pushpa/Pushpa.js
FN:9,(anonymous_0)
FNF:1
FNH:1
FNDA:2,(anonymous_0)
DA:10,2
LF:1
LH:1
BRF:0
BRH:0
end_of_record
TN:
SF:/Dev/Nityanushtaana/NityaPooja/component/Bhandara/Sankalpa/Sankalpa.js
FN:9,(anonymous_0)
FNF:1
FNH:1
FNDA:2,(anonymous_0)
DA:10,2
LF:1
LH:1
BRF:0
BRH:0
end_of_record
TN:
SF:/Dev/Nityanushtaana/NityaPooja/component/Bhandara/Shankhapuja/Shankhapuja.js
FN:9,(anonymous_0)
FNF:1
FNH:1
FNDA:2,(anonymous_0)
DA:10,2
LF:1
LH:1
BRF:0
BRH:0
end_of_record
TN:
SF:/Dev/Nityanushtaana/NityaPooja/component/Bhandara/ShudhodakaSnana/ShudhodakaSnana.js
FN:9,(anonymous_0)
FNF:1
FNH:1
FNDA:2,(anonymous_0)
DA:10,2
LF:1
LH:1
BRF:0
BRH:0
end_of_record
TN:
SF:/Dev/Nityanushtaana/NityaPooja/component/Bhandara/Sochane/AachaManeyaSoochane.js
FN:5,(anonymous_0)
FNF:1
FNH:1
FNDA:3,(anonymous_0)
DA:6,3
LF:1
LH:1
BRF:0
BRH:0
end_of_record
TN:
SF:/Dev/Nityanushtaana/NityaPooja/component/Bhandara/Sochane/DevaPujaAasnaSochane.js
FN:5,(anonymous_0)
FNF:1
FNH:1
FNDA:2,(anonymous_0)
DA:6,2
LF:1
LH:1
BRF:0
BRH:0
end_of_record
TN:
SF:/Dev/Nityanushtaana/NityaPooja/component/Bhandara/Tambula/Tambula.js
FN:9,(anonymous_0)
FNF:1
FNH:1
FNDA:2,(anonymous_0)
DA:10,2
LF:1
LH:1
BRF:0
BRH:0
end_of_record
TN:
SF:/Dev/Nityanushtaana/NityaPooja/component/Bhandara/UpacharaAchamaneya/UpacharaAchamaneya.js
FN:9,(anonymous_0)
FNF:1
FNH:1
FNDA:2,(anonymous_0)
DA:10,2
LF:1
LH:1
BRF:0
BRH:0
end_of_record
TN:
SF:/Dev/Nityanushtaana/NityaPooja/component/Bhandara/Upaveta/Upaveta.js
FN:9,(anonymous_0)
FNF:1
FNH:1
FNDA:2,(anonymous_0)
DA:10,2
LF:1
LH:1
BRF:0
BRH:0
end_of_record
TN:
SF:/Dev/Nityanushtaana/NityaPooja/component/Bhandara/VastraYugma/VastraYugma.js
FN:9,(anonymous_0)
FNF:1
FNH:1
FNDA:2,(anonymous_0)
DA:10,2
LF:1
LH:1
BRF:0
BRH:0
end_of_record
TN:
SF:/Dev/Nityanushtaana/NityaPooja/component/Lekhana/Lekhana.js
FN:7,(anonymous_0)
FNF:1
FNH:1
FNDA:2,(anonymous_0)
DA:8,2
LF:1
LH:1
BRF:0
BRH:0
end_of_record
TN:
SF:/Dev/Nityanushtaana/NityaPooja/component/Lekhana/Lekhana.vinyasa.js
FNF:0
FNH:0
LF:0
LH:0
BRF:0
BRH:0
end_of_record
TN:
SF:/Dev/Nityanushtaana/NityaPooja/component/Lekhana/PutaSankhyaDarshaka.js
FN:4,(anonymous_0)
FNF:1
FNH:1
FNDA:2,(anonymous_0)
DA:6,2
LF:1
LH:1
BRF:0
BRH:0
end_of_record
TN:
SF:/Dev/Nityanushtaana/NityaPooja/component/LekhanaSheershike/LekhanaShershike.js
FN:6,(anonymous_0)
FNF:1
FNH:1
FNDA:2,(anonymous_0)
DA:8,2
LF:1
LH:1
BRF:0
BRH:0
end_of_record
TN:
SF:/Dev/Nityanushtaana/NityaPooja/component/LekhanaSheershike/LekhanaShershike.vinyasa.js
FNF:0
FNH:0
LF:0
LH:0
BRF:0
BRH:0
end_of_record
TN:
SF:/Dev/Nityanushtaana/NityaPooja/component/PurushaSuktaShodashopachara/PurushaSuktaShodashopachara.js
FN:40,(anonymous_0)
FNF:1
FNH:1
FNDA:2,(anonymous_0)
DA:43,2
LF:1
LH:1
BRF:0
BRH:0
end_of_record
TN:
SF:/Dev/Nityanushtaana/NityaPooja/component/Puta/Puta.js
FN:5,(anonymous_0)
FNF:1
FNH:1
FNDA:33,(anonymous_0)
DA:6,33
LF:1
LH:1
BRF:0
BRH:0
end_of_record
TN:
SF:/Dev/Nityanushtaana/NityaPooja/component/Vishaya/Purvanga.js
FN:16,(anonymous_0)
FNF:1
FNH:1
FNDA:39,(anonymous_0)
DA:5,2
DA:17,39
LF:2
LH:2
BRF:0
BRH:0
end_of_record
TN:
SF:/Dev/Nityanushtaana/NityaPooja/component/Vishaya/Sheershike.js
FN:16,(anonymous_0)
FNF:1
FNH:1
FNDA:34,(anonymous_0)
DA:5,2
DA:17,34
LF:2
LH:2
BRF:0
BRH:0
end_of_record
TN:
SF:/Dev/Nityanushtaana/NityaPooja/component/Vishaya/Vidhana.js
FN:15,(anonymous_0)
FNF:1
FNH:1
FNDA:22,(anonymous_0)
DA:5,2
DA:16,22
LF:2
LH:2
BRF:0
BRH:0
end_of_record
TN:
SF:/Dev/Nityanushtaana/NityaPooja/component/Vishaya/Viniyoga.js
FN:16,(anonymous_0)
FNF:1
FNH:1
FNDA:67,(anonymous_0)
DA:5,2
DA:17,67
LF:2
LH:2
BRF:0
BRH:0
end_of_record
